# JRE version: OpenJDK Runtime Environment GraalVM CE 22.3.0 (17.0.5+8) (build 17.0.5+8-jvmci-22.3-b08)
# Java VM: OpenJDK 64-Bit Server VM GraalVM CE 22.3.0 (17.0.5+8-jvmci-22.3-b08, mixed mode, sharing, tiered, jvmci, jvmci compiler, compressed oops, compressed class ptrs, parallel gc, linux-amd64)
GC Precious Log:
 CPUs: 4 total, 1 available
 Memory: 1024M
 Large Page Support: Disabled
 NUMA Support: Disabled
 Compressed Oops: Enabled (32-bit)
 Alignments: Space 512K, Generation 512K, Heap 2M
 Heap Min Capacity: 100M
 Heap Initial Capacity: 100M
 Heap Max Capacity: 512M
 Pre-touch: Disabled
 Parallel Workers: 1
Heap:
 PSYoungGen      total 50688K, used 36864K [0x00000000f5580000, 0x00000000fba80000, 0x0000000100000000)
  eden space 36864K, 100% used [0x00000000f5580000,0x00000000f7980000,0x00000000f7980000)
  from space 13824K, 0% used [0x00000000f7980000,0x00000000f7980000,0x00000000f8700000)
  to   space 30208K, 0% used [0x00000000f9d00000,0x00000000f9d00000,0x00000000fba80000)
 ParOldGen       total 349696K, used 349695K [0x00000000e0000000, 0x00000000f5580000, 0x00000000f5580000)
  object space 349696K, 99% used [0x00000000e0000000,0x00000000f557fff0,0x00000000f5580000)
 Metaspace       used 53383K, committed 54336K, reserved 1097728K
  class space    used 5178K, committed 5632K, reserved 1048576K
GC Heap History (20 events):
Event: 6898.235 GC heap before
{Heap before GC invocations=541 (full 468):
 PSYoungGen      total 50688K, used 36864K [0x00000000f5580000, 0x00000000fba80000, 0x0000000100000000)
  eden space 36864K, 100% used [0x00000000f5580000,0x00000000f7980000,0x00000000f7980000)
  from space 13824K, 0% used [0x00000000f7980000,0x00000000f7980000,0x00000000f8700000)
  to   space 30208K, 0% used [0x00000000f9d00000,0x00000000f9d00000,0x00000000fba80000)
 ParOldGen       total 349696K, used 349695K [0x00000000e0000000, 0x00000000f5580000, 0x00000000f5580000)
  object space 349696K, 99% used [0x00000000e0000000,0x00000000f557ffd0,0x00000000f5580000)
 Metaspace       used 53383K, committed 54336K, reserved 1097728K
  class space    used 5178K, committed 5632K, reserved 1048576K
}
Event: 6900.317 GC heap after
{Heap after GC invocations=541 (full 468):
 PSYoungGen      total 67072K, used 36863K [0x00000000f5580000, 0x00000000fba80000, 0x0000000100000000)
  eden space 36864K, 99% used [0x00000000f5580000,0x00000000f797fe68,0x00000000f7980000)
  from space 30208K, 0% used [0x00000000f9d00000,0x00000000f9d00000,0x00000000fba80000)
  to   space 13824K, 0% used [0x00000000f7980000,0x00000000f7980000,0x00000000f8700000)
 ParOldGen       total 349696K, used 349695K [0x00000000e0000000, 0x00000000f5580000, 0x00000000f5580000)
  object space 349696K, 99% used [0x00000000e0000000,0x00000000f557ff70,0x00000000f5580000)
 Metaspace       used 53383K, committed 54336K, reserved 1097728K
  class space    used 5178K, committed 5632K, reserved 1048576K
}
Event: 6900.317 GC heap before
{Heap before GC invocations=542 (full 469):
 PSYoungGen      total 67072K, used 36863K [0x00000000f5580000, 0x00000000fba80000, 0x0000000100000000)
  eden space 36864K, 99% used [0x00000000f5580000,0x00000000f797ffa0,0x00000000f7980000)
  from space 30208K, 0% used [0x00000000f9d00000,0x00000000f9d00000,0x00000000fba80000)
  to   space 13824K, 0% used [0x00000000f7980000,0x00000000f7980000,0x00000000f8700000)
 ParOldGen       total 349696K, used 349695K [0x00000000e0000000, 0x00000000f5580000, 0x00000000f5580000)
  object space 349696K, 99% used [0x00000000e0000000,0x00000000f557ff70,0x00000000f5580000)
 Metaspace       used 53383K, committed 54336K, reserved 1097728K
  class space    used 5178K, committed 5632K, reserved 1048576K
}
Event: 6902.236 GC heap after
{Heap after GC invocations=542 (full 469):
 PSYoungGen      total 50688K, used 36863K [0x00000000f5580000, 0x00000000fba80000, 0x0000000100000000)
  eden space 36864K, 99% used [0x00000000f5580000,0x00000000f797fe10,0x00000000f7980000)
  from space 13824K, 0% used [0x00000000f7980000,0x00000000f7980000,0x00000000f8700000)
  to   space 30208K, 0% used [0x00000000f9d00000,0x00000000f9d00000,0x00000000fba80000)
 ParOldGen       total 349696K, used 349695K [0x00000000e0000000, 0x00000000f5580000, 0x00000000f5580000)
  object space 349696K, 99% used [0x00000000e0000000,0x00000000f557fe78,0x00000000f5580000)
 Metaspace       used 53383K, committed 54336K, reserved 1097728K
  class space    used 5178K, committed 5632K, reserved 1048576K
}
Event: 6902.299 GC heap before
{Heap before GC invocations=543 (full 470):
 PSYoungGen      total 50688K, used 36864K [0x00000000f5580000, 0x00000000fba80000, 0x0000000100000000)
  eden space 36864K, 100% used [0x00000000f5580000,0x00000000f7980000,0x00000000f7980000)
  from space 13824K, 0% used [0x00000000f7980000,0x00000000f7980000,0x00000000f8700000)
  to   space 30208K, 0% used [0x00000000f9d00000,0x00000000f9d00000,0x00000000fba80000)
 ParOldGen       total 349696K, used 349695K [0x00000000e0000000, 0x00000000f5580000, 0x00000000f5580000)
  object space 349696K, 99% used [0x00000000e0000000,0x00000000f557fe78,0x00000000f5580000)
 Metaspace       used 53383K, committed 54336K, reserved 1097728K
  class space    used 5178K, committed 5632K, reserved 1048576K
}
Event: 6904.215 GC heap after
{Heap after GC invocations=543 (full 470):
 PSYoungGen      total 67072K, used 36863K [0x00000000f5580000, 0x00000000fba80000, 0x0000000100000000)
  eden space 36864K, 99% used [0x00000000f5580000,0x00000000f797fe08,0x00000000f7980000)
  from space 30208K, 0% used [0x00000000f9d00000,0x00000000f9d00000,0x00000000fba80000)
  to   space 13824K, 0% used [0x00000000f7980000,0x00000000f7980000,0x00000000f8700000)
 ParOldGen       total 349696K, used 349695K [0x00000000e0000000, 0x00000000f5580000, 0x00000000f5580000)
  object space 349696K, 99% used [0x00000000e0000000,0x00000000f557fdd8,0x00000000f5580000)
 Metaspace       used 53383K, committed 54336K, reserved 1097728K
  class space    used 5178K, committed 5632K, reserved 1048576K
}
Event: 6904.216 GC heap before
{Heap before GC invocations=544 (full 471):
 PSYoungGen      total 67072K, used 36864K [0x00000000f5580000, 0x00000000fba80000, 0x0000000100000000)
  eden space 36864K, 100% used [0x00000000f5580000,0x00000000f7980000,0x00000000f7980000)
  from space 30208K, 0% used [0x00000000f9d00000,0x00000000f9d00000,0x00000000fba80000)
  to   space 13824K, 0% used [0x00000000f7980000,0x00000000f7980000,0x00000000f8700000)
 ParOldGen       total 349696K, used 349695K [0x00000000e0000000, 0x00000000f5580000, 0x00000000f5580000)
  object space 349696K, 99% used [0x00000000e0000000,0x00000000f557fdd8,0x00000000f5580000)
 Metaspace       used 53383K, committed 54336K, reserved 1097728K
  class space    used 5178K, committed 5632K, reserved 1048576K
}
Event: 6906.203 GC heap after
{Heap after GC invocations=544 (full 471):
 PSYoungGen      total 50688K, used 36863K [0x00000000f5580000, 0x00000000fba80000, 0x0000000100000000)
  eden space 36864K, 99% used [0x00000000f5580000,0x00000000f797ff20,0x00000000f7980000)
  from space 13824K, 0% used [0x00000000f7980000,0x00000000f7980000,0x00000000f8700000)
  to   space 30208K, 0% used [0x00000000f9d00000,0x00000000f9d00000,0x00000000fba80000)
 ParOldGen       total 349696K, used 349695K [0x00000000e0000000, 0x00000000f5580000, 0x00000000f5580000)
  object space 349696K, 99% used [0x00000000e0000000,0x00000000f557fdd8,0x00000000f5580000)
 Metaspace       used 53383K, committed 54336K, reserved 1097728K
  class space    used 5178K, committed 5632K, reserved 1048576K
}
Event: 6906.203 GC heap before
{Heap before GC invocations=545 (full 472):
 PSYoungGen      total 50688K, used 36864K [0x00000000f5580000, 0x00000000fba80000, 0x0000000100000000)
  eden space 36864K, 100% used [0x00000000f5580000,0x00000000f7980000,0x00000000f7980000)
  from space 13824K, 0% used [0x00000000f7980000,0x00000000f7980000,0x00000000f8700000)
  to   space 30208K, 0% used [0x00000000f9d00000,0x00000000f9d00000,0x00000000fba80000)
 ParOldGen       total 349696K, used 349695K [0x00000000e0000000, 0x00000000f5580000, 0x00000000f5580000)
  object space 349696K, 99% used [0x00000000e0000000,0x00000000f557fdd8,0x00000000f5580000)
 Metaspace       used 53383K, committed 54336K, reserved 1097728K
  class space    used 5178K, committed 5632K, reserved 1048576K
}
Event: 6908.324 GC heap after
{Heap after GC invocations=545 (full 472):
 PSYoungGen      total 67072K, used 36863K [0x00000000f5580000, 0x00000000fba80000, 0x0000000100000000)
  eden space 36864K, 99% used [0x00000000f5580000,0x00000000f797ff50,0x00000000f7980000)
  from space 30208K, 0% used [0x00000000f9d00000,0x00000000f9d00000,0x00000000fba80000)
  to   space 13824K, 0% used [0x00000000f7980000,0x00000000f7980000,0x00000000f8700000)
 ParOldGen       total 349696K, used 349695K [0x00000000e0000000, 0x00000000f5580000, 0x00000000f5580000)
  object space 349696K, 99% used [0x00000000e0000000,0x00000000f557fdd8,0x00000000f5580000)
 Metaspace       used 53383K, committed 54336K, reserved 1097728K
  class space    used 5178K, committed 5632K, reserved 1048576K
}
Event: 6908.325 GC heap before
{Heap before GC invocations=546 (full 473):
 PSYoungGen      total 67072K, used 36864K [0x00000000f5580000, 0x00000000fba80000, 0x0000000100000000)
  eden space 36864K, 100% used [0x00000000f5580000,0x00000000f7980000,0x00000000f7980000)
  from space 30208K, 0% used [0x00000000f9d00000,0x00000000f9d00000,0x00000000fba80000)
  to   space 13824K, 0% used [0x00000000f7980000,0x00000000f7980000,0x00000000f8700000)
 ParOldGen       total 349696K, used 349695K [0x00000000e0000000, 0x00000000f5580000, 0x00000000f5580000)
  object space 349696K, 99% used [0x00000000e0000000,0x00000000f557fdd8,0x00000000f5580000)
 Metaspace       used 53383K, committed 54336K, reserved 1097728K
  class space    used 5178K, committed 5632K, reserved 1048576K
}
Event: 6910.117 GC heap after
{Heap after GC invocations=546 (full 473):
 PSYoungGen      total 50688K, used 36863K [0x00000000f5580000, 0x00000000fba80000, 0x0000000100000000)
  eden space 36864K, 99% used [0x00000000f5580000,0x00000000f797ff50,0x00000000f7980000)
  from space 13824K, 0% used [0x00000000f7980000,0x00000000f7980000,0x00000000f8700000)
  to   space 30208K, 0% used [0x00000000f9d00000,0x00000000f9d00000,0x00000000fba80000)
 ParOldGen       total 349696K, used 349695K [0x00000000e0000000, 0x00000000f5580000, 0x00000000f5580000)
  object space 349696K, 99% used [0x00000000e0000000,0x00000000f557fdd8,0x00000000f5580000)
 Metaspace       used 53383K, committed 54336K, reserved 1097728K
  class space    used 5178K, committed 5632K, reserved 1048576K
}
Event: 6910.117 GC heap before
{Heap before GC invocations=547 (full 474):
 PSYoungGen      total 50688K, used 36864K [0x00000000f5580000, 0x00000000fba80000, 0x0000000100000000)
  eden space 36864K, 100% used [0x00000000f5580000,0x00000000f7980000,0x00000000f7980000)
  from space 13824K, 0% used [0x00000000f7980000,0x00000000f7980000,0x00000000f8700000)
  to   space 30208K, 0% used [0x00000000f9d00000,0x00000000f9d00000,0x00000000fba80000)
 ParOldGen       total 349696K, used 349695K [0x00000000e0000000, 0x00000000f5580000, 0x00000000f5580000)
  object space 349696K, 99% used [0x00000000e0000000,0x00000000f557fdd8,0x00000000f5580000)
 Metaspace       used 53383K, committed 54336K, reserved 1097728K
  class space    used 5178K, committed 5632K, reserved 1048576K
}
Event: 6912.140 GC heap after
{Heap after GC invocations=547 (full 474):
 PSYoungGen      total 67072K, used 36863K [0x00000000f5580000, 0x00000000fba80000, 0x0000000100000000)
  eden space 36864K, 99% used [0x00000000f5580000,0x00000000f797ff50,0x00000000f7980000)
  from space 30208K, 0% used [0x00000000f9d00000,0x00000000f9d00000,0x00000000fba80000)
  to   space 13824K, 0% used [0x00000000f7980000,0x00000000f7980000,0x00000000f8700000)
 ParOldGen       total 349696K, used 349695K [0x00000000e0000000, 0x00000000f5580000, 0x00000000f5580000)
  object space 349696K, 99% used [0x00000000e0000000,0x00000000f557fdd8,0x00000000f5580000)
 Metaspace       used 53383K, committed 54336K, reserved 1097728K
  class space    used 5178K, committed 5632K, reserved 1048576K
}
Event: 6912.141 GC heap before
{Heap before GC invocations=548 (full 475):
 PSYoungGen      total 67072K, used 36864K [0x00000000f5580000, 0x00000000fba80000, 0x0000000100000000)
  eden space 36864K, 100% used [0x00000000f5580000,0x00000000f7980000,0x00000000f7980000)
  from space 30208K, 0% used [0x00000000f9d00000,0x00000000f9d00000,0x00000000fba80000)
  to   space 13824K, 0% used [0x00000000f7980000,0x00000000f7980000,0x00000000f8700000)
 ParOldGen       total 349696K, used 349695K [0x00000000e0000000, 0x00000000f5580000, 0x00000000f5580000)
  object space 349696K, 99% used [0x00000000e0000000,0x00000000f557fdd8,0x00000000f5580000)
 Metaspace       used 53383K, committed 54336K, reserved 1097728K
  class space    used 5178K, committed 5632K, reserved 1048576K
}
Event: 6914.102 GC heap after
{Heap after GC invocations=548 (full 475):
 PSYoungGen      total 50688K, used 36863K [0x00000000f5580000, 0x00000000fba80000, 0x0000000100000000)
  eden space 36864K, 99% used [0x00000000f5580000,0x00000000f797ff50,0x00000000f7980000)
  from space 13824K, 0% used [0x00000000f7980000,0x00000000f7980000,0x00000000f8700000)
  to   space 30208K, 0% used [0x00000000f9d00000,0x00000000f9d00000,0x00000000fba80000)
 ParOldGen       total 349696K, used 349695K [0x00000000e0000000, 0x00000000f5580000, 0x00000000f5580000)
  object space 349696K, 99% used [0x00000000e0000000,0x00000000f557fdd8,0x00000000f5580000)
 Metaspace       used 53383K, committed 54336K, reserved 1097728K
  class space    used 5178K, committed 5632K, reserved 1048576K
}
Event: 6914.102 GC heap before
{Heap before GC invocations=549 (full 476):
 PSYoungGen      total 50688K, used 36863K [0x00000000f5580000, 0x00000000fba80000, 0x0000000100000000)
  eden space 36864K, 99% used [0x00000000f5580000,0x00000000f797ff68,0x00000000f7980000)
  from space 13824K, 0% used [0x00000000f7980000,0x00000000f7980000,0x00000000f8700000)
  to   space 30208K, 0% used [0x00000000f9d00000,0x00000000f9d00000,0x00000000fba80000)
 ParOldGen       total 349696K, used 349695K [0x00000000e0000000, 0x00000000f5580000, 0x00000000f5580000)
  object space 349696K, 99% used [0x00000000e0000000,0x00000000f557fdd8,0x00000000f5580000)
 Metaspace       used 53383K, committed 54336K, reserved 1097728K
  class space    used 5178K, committed 5632K, reserved 1048576K
}
Event: 6915.945 GC heap after
{Heap after GC invocations=549 (full 476):
 PSYoungGen      total 67072K, used 36863K [0x00000000f5580000, 0x00000000fba80000, 0x0000000100000000)
  eden space 36864K, 99% used [0x00000000f5580000,0x00000000f797ff48,0x00000000f7980000)
  from space 30208K, 0% used [0x00000000f9d00000,0x00000000f9d00000,0x00000000fba80000)
  to   space 13824K, 0% used [0x00000000f7980000,0x00000000f7980000,0x00000000f8700000)
 ParOldGen       total 349696K, used 349695K [0x00000000e0000000, 0x00000000f5580000, 0x00000000f5580000)
  object space 349696K, 99% used [0x00000000e0000000,0x00000000f557fdd8,0x00000000f5580000)
 Metaspace       used 53383K, committed 54336K, reserved 1097728K
  class space    used 5178K, committed 5632K, reserved 1048576K
}
Event: 6915.945 GC heap before
{Heap before GC invocations=550 (full 477):
 PSYoungGen      total 67072K, used 36863K [0x00000000f5580000, 0x00000000fba80000, 0x0000000100000000)
  eden space 36864K, 99% used [0x00000000f5580000,0x00000000f797ff48,0x00000000f7980000)
  from space 30208K, 0% used [0x00000000f9d00000,0x00000000f9d00000,0x00000000fba80000)
  to   space 13824K, 0% used [0x00000000f7980000,0x00000000f7980000,0x00000000f8700000)
 ParOldGen       total 349696K, used 349695K [0x00000000e0000000, 0x00000000f5580000, 0x00000000f5580000)
  object space 349696K, 99% used [0x00000000e0000000,0x00000000f557fdd8,0x00000000f5580000)
 Metaspace       used 53383K, committed 54336K, reserved 1097728K
  class space    used 5178K, committed 5632K, reserved 1048576K
}
Event: 6917.947 GC heap after
{Heap after GC invocations=550 (full 477):
 PSYoungGen      total 50688K, used 36863K [0x00000000f5580000, 0x00000000fba80000, 0x0000000100000000)
  eden space 36864K, 99% used [0x00000000f5580000,0x00000000f797ff48,0x00000000f7980000)
  from space 13824K, 0% used [0x00000000f7980000,0x00000000f7980000,0x00000000f8700000)
  to   space 30208K, 0% used [0x00000000f9d00000,0x00000000f9d00000,0x00000000fba80000)
 ParOldGen       total 349696K, used 349695K [0x00000000e0000000, 0x00000000f5580000, 0x00000000f5580000)
  object space 349696K, 99% used [0x00000000e0000000,0x00000000f557fcf8,0x00000000f5580000)
 Metaspace       used 53383K, committed 54336K, reserved 1097728K
  class space    used 5178K, committed 5632K, reserved 1048576K
}

